[2024-11-14T19:16:40.754+0000] {local_task_job_runner.py:120} INFO - ::group::Pre task execution logs
[2024-11-14T19:16:40.798+0000] {taskinstance.py:2076} INFO - Dependencies all met for dep_context=non-requeueable deps ti=<TaskInstance: BuildELT_dbt.dbt_snapshot manual__2024-11-14T05:41:30.125754+00:00 [queued]>
[2024-11-14T19:16:40.810+0000] {taskinstance.py:2076} INFO - Dependencies all met for dep_context=requeueable deps ti=<TaskInstance: BuildELT_dbt.dbt_snapshot manual__2024-11-14T05:41:30.125754+00:00 [queued]>
[2024-11-14T19:16:40.811+0000] {taskinstance.py:2306} INFO - Starting attempt 2 of 2
[2024-11-14T19:16:40.832+0000] {taskinstance.py:2330} INFO - Executing <Task(BashOperator): dbt_snapshot> on 2024-11-14 05:41:30.125754+00:00
[2024-11-14T19:16:40.843+0000] {standard_task_runner.py:90} INFO - Running: ['***', 'tasks', 'run', 'BuildELT_dbt', 'dbt_snapshot', 'manual__2024-11-14T05:41:30.125754+00:00', '--job-id', '182', '--raw', '--subdir', 'DAGS_FOLDER/build_elt_with_dbt.py', '--cfg-path', '/tmp/tmp2v_jcq6i']
[2024-11-14T19:16:40.847+0000] {standard_task_runner.py:91} INFO - Job 182: Subtask dbt_snapshot
[2024-11-14T19:16:40.848+0000] {logging_mixin.py:188} WARNING - /home/***/.local/lib/python3.12/site-packages/***/task/task_runner/standard_task_runner.py:61 DeprecationWarning: This process (pid=21421) is multi-threaded, use of fork() may lead to deadlocks in the child.
[2024-11-14T19:16:40.849+0000] {standard_task_runner.py:63} INFO - Started process 21422 to run task
[2024-11-14T19:16:40.909+0000] {task_command.py:426} INFO - Running <TaskInstance: BuildELT_dbt.dbt_snapshot manual__2024-11-14T05:41:30.125754+00:00 [running]> on host 5c9ef59c8996
[2024-11-14T19:16:41.034+0000] {taskinstance.py:2648} INFO - Exporting env vars: AIRFLOW_CTX_DAG_OWNER='***' AIRFLOW_CTX_DAG_ID='BuildELT_dbt' AIRFLOW_CTX_TASK_ID='dbt_snapshot' AIRFLOW_CTX_EXECUTION_DATE='2024-11-14T05:41:30.125754+00:00' AIRFLOW_CTX_TRY_NUMBER='2' AIRFLOW_CTX_DAG_RUN_ID='manual__2024-11-14T05:41:30.125754+00:00'
[2024-11-14T19:16:41.036+0000] {taskinstance.py:430} INFO - ::endgroup::
[2024-11-14T19:16:41.056+0000] {subprocess.py:63} INFO - Tmp dir root location: /tmp
[2024-11-14T19:16:41.058+0000] {subprocess.py:75} INFO - Running command: ['/usr/bin/bash', '-c', '/home/***/.local/bin/dbt snapshot --profiles-dir /opt/***/dbt --project-dir /opt/***/dbt']
[2024-11-14T19:16:41.067+0000] {subprocess.py:86} INFO - Output:
[2024-11-14T19:16:43.495+0000] {subprocess.py:93} INFO - [0m19:16:43  Running with dbt=1.8.7
[2024-11-14T19:16:44.643+0000] {subprocess.py:93} INFO - [0m19:16:44  Registered adapter: snowflake=1.8.4
[2024-11-14T19:16:45.227+0000] {subprocess.py:93} INFO - [0m19:16:45  Found 2 models, 5 data tests, 1 snapshot, 1 source, 459 macros
[2024-11-14T19:16:45.232+0000] {subprocess.py:93} INFO - [0m19:16:45
[2024-11-14T19:16:46.973+0000] {subprocess.py:93} INFO - [0m19:16:46  Concurrency: 1 threads (target='dev')
[2024-11-14T19:16:46.977+0000] {subprocess.py:93} INFO - [0m19:16:46
[2024-11-14T19:16:47.029+0000] {subprocess.py:93} INFO - [0m19:16:47  1 of 1 START snapshot raw_data.raw_data_snapshot ............................... [RUN]
[2024-11-14T19:16:51.697+0000] {subprocess.py:93} INFO - [0m19:16:51  1 of 1 OK snapshotted raw_data.raw_data_snapshot ............................... [[32mSUCCESS 0[0m in 4.65s]
[2024-11-14T19:16:51.724+0000] {subprocess.py:93} INFO - [0m19:16:51
[2024-11-14T19:16:51.728+0000] {subprocess.py:93} INFO - [0m19:16:51  Finished running 1 snapshot in 0 hours 0 minutes and 6.49 seconds (6.49s).
[2024-11-14T19:16:51.879+0000] {subprocess.py:93} INFO - [0m19:16:51
[2024-11-14T19:16:51.882+0000] {subprocess.py:93} INFO - [0m19:16:51  [32mCompleted successfully[0m
[2024-11-14T19:16:51.885+0000] {subprocess.py:93} INFO - [0m19:16:51
[2024-11-14T19:16:51.887+0000] {subprocess.py:93} INFO - [0m19:16:51  Done. PASS=1 WARN=0 ERROR=0 SKIP=0 TOTAL=1
[2024-11-14T19:16:52.859+0000] {subprocess.py:97} INFO - Command exited with return code 0
[2024-11-14T19:16:52.861+0000] {taskinstance.py:441} INFO - ::group::Post task execution logs
[2024-11-14T19:16:52.909+0000] {taskinstance.py:1206} INFO - Marking task as SUCCESS. dag_id=BuildELT_dbt, task_id=dbt_snapshot, run_id=manual__2024-11-14T05:41:30.125754+00:00, execution_date=20241114T054130, start_date=20241114T191640, end_date=20241114T191652
[2024-11-14T19:16:52.973+0000] {local_task_job_runner.py:240} INFO - Task exited with return code 0
[2024-11-14T19:16:52.999+0000] {taskinstance.py:3498} INFO - 0 downstream tasks scheduled from follow-on schedule check
[2024-11-14T19:16:53.006+0000] {local_task_job_runner.py:222} INFO - ::endgroup::
