[2024-11-14T05:49:25.581+0000] {local_task_job_runner.py:120} INFO - ::group::Pre task execution logs
[2024-11-14T05:49:25.620+0000] {taskinstance.py:2076} INFO - Dependencies all met for dep_context=non-requeueable deps ti=<TaskInstance: BuildELT_dbt.dbt_snapshot manual__2024-11-14T05:48:57.209181+00:00 [queued]>
[2024-11-14T05:49:25.639+0000] {taskinstance.py:2076} INFO - Dependencies all met for dep_context=requeueable deps ti=<TaskInstance: BuildELT_dbt.dbt_snapshot manual__2024-11-14T05:48:57.209181+00:00 [queued]>
[2024-11-14T05:49:25.641+0000] {taskinstance.py:2306} INFO - Starting attempt 1 of 1
[2024-11-14T05:49:25.666+0000] {taskinstance.py:2330} INFO - Executing <Task(BashOperator): dbt_snapshot> on 2024-11-14 05:48:57.209181+00:00
[2024-11-14T05:49:25.679+0000] {standard_task_runner.py:90} INFO - Running: ['***', 'tasks', 'run', 'BuildELT_dbt', 'dbt_snapshot', 'manual__2024-11-14T05:48:57.209181+00:00', '--job-id', '172', '--raw', '--subdir', 'DAGS_FOLDER/build_elt_with_dbt.py', '--cfg-path', '/tmp/tmpvv1k6urk']
[2024-11-14T05:49:25.683+0000] {standard_task_runner.py:91} INFO - Job 172: Subtask dbt_snapshot
[2024-11-14T05:49:25.686+0000] {logging_mixin.py:188} WARNING - /home/***/.local/lib/python3.12/site-packages/***/task/task_runner/standard_task_runner.py:61 DeprecationWarning: This process (pid=4110) is multi-threaded, use of fork() may lead to deadlocks in the child.
[2024-11-14T05:49:25.688+0000] {standard_task_runner.py:63} INFO - Started process 4111 to run task
[2024-11-14T05:49:25.754+0000] {task_command.py:426} INFO - Running <TaskInstance: BuildELT_dbt.dbt_snapshot manual__2024-11-14T05:48:57.209181+00:00 [running]> on host 5c9ef59c8996
[2024-11-14T05:49:25.857+0000] {taskinstance.py:2648} INFO - Exporting env vars: AIRFLOW_CTX_DAG_OWNER='***' AIRFLOW_CTX_DAG_ID='BuildELT_dbt' AIRFLOW_CTX_TASK_ID='dbt_snapshot' AIRFLOW_CTX_EXECUTION_DATE='2024-11-14T05:48:57.209181+00:00' AIRFLOW_CTX_TRY_NUMBER='1' AIRFLOW_CTX_DAG_RUN_ID='manual__2024-11-14T05:48:57.209181+00:00'
[2024-11-14T05:49:25.858+0000] {taskinstance.py:430} INFO - ::endgroup::
[2024-11-14T05:49:25.873+0000] {subprocess.py:63} INFO - Tmp dir root location: /tmp
[2024-11-14T05:49:25.874+0000] {subprocess.py:75} INFO - Running command: ['/usr/bin/bash', '-c', '/home/***/.local/bin/dbt snapshot --profiles-dir /opt/***/dbt --project-dir /opt/***/dbt']
[2024-11-14T05:49:25.881+0000] {subprocess.py:86} INFO - Output:
[2024-11-14T05:49:28.033+0000] {subprocess.py:93} INFO - [0m05:49:28  Running with dbt=1.8.7
[2024-11-14T05:49:29.065+0000] {subprocess.py:93} INFO - [0m05:49:29  Registered adapter: snowflake=1.8.4
[2024-11-14T05:49:29.454+0000] {subprocess.py:93} INFO - [0m05:49:29  Found 2 models, 1 source, 459 macros
[2024-11-14T05:49:29.458+0000] {subprocess.py:93} INFO - [0m05:49:29
[2024-11-14T05:49:29.459+0000] {subprocess.py:93} INFO - [0m05:49:29  Nothing to do. Try checking your model configs and model specification args
[2024-11-14T05:49:30.233+0000] {subprocess.py:97} INFO - Command exited with return code 0
[2024-11-14T05:49:30.235+0000] {taskinstance.py:441} INFO - ::group::Post task execution logs
[2024-11-14T05:49:30.261+0000] {taskinstance.py:1206} INFO - Marking task as SUCCESS. dag_id=BuildELT_dbt, task_id=dbt_snapshot, run_id=manual__2024-11-14T05:48:57.209181+00:00, execution_date=20241114T054857, start_date=20241114T054925, end_date=20241114T054930
[2024-11-14T05:49:30.283+0000] {local_task_job_runner.py:240} INFO - Task exited with return code 0
[2024-11-14T05:49:30.298+0000] {taskinstance.py:3498} INFO - 0 downstream tasks scheduled from follow-on schedule check
[2024-11-14T05:49:30.303+0000] {local_task_job_runner.py:222} INFO - ::endgroup::
