[2024-11-14T19:16:22.999+0000] {local_task_job_runner.py:120} INFO - ::group::Pre task execution logs
[2024-11-14T19:16:23.034+0000] {taskinstance.py:2076} INFO - Dependencies all met for dep_context=non-requeueable deps ti=<TaskInstance: BuildELT_dbt.dbt_snapshot manual__2024-11-14T05:38:03.212660+00:00 [queued]>
[2024-11-14T19:16:23.044+0000] {taskinstance.py:2076} INFO - Dependencies all met for dep_context=requeueable deps ti=<TaskInstance: BuildELT_dbt.dbt_snapshot manual__2024-11-14T05:38:03.212660+00:00 [queued]>
[2024-11-14T19:16:23.045+0000] {taskinstance.py:2306} INFO - Starting attempt 2 of 2
[2024-11-14T19:16:23.079+0000] {taskinstance.py:2330} INFO - Executing <Task(BashOperator): dbt_snapshot> on 2024-11-14 05:38:03.212660+00:00
[2024-11-14T19:16:23.096+0000] {standard_task_runner.py:90} INFO - Running: ['***', 'tasks', 'run', 'BuildELT_dbt', 'dbt_snapshot', 'manual__2024-11-14T05:38:03.212660+00:00', '--job-id', '180', '--raw', '--subdir', 'DAGS_FOLDER/build_elt_with_dbt.py', '--cfg-path', '/tmp/tmphzsdphvz']
[2024-11-14T19:16:23.103+0000] {standard_task_runner.py:91} INFO - Job 180: Subtask dbt_snapshot
[2024-11-14T19:16:23.104+0000] {logging_mixin.py:188} WARNING - /home/***/.local/lib/python3.12/site-packages/***/task/task_runner/standard_task_runner.py:61 DeprecationWarning: This process (pid=21353) is multi-threaded, use of fork() may lead to deadlocks in the child.
[2024-11-14T19:16:23.106+0000] {standard_task_runner.py:63} INFO - Started process 21355 to run task
[2024-11-14T19:16:23.183+0000] {task_command.py:426} INFO - Running <TaskInstance: BuildELT_dbt.dbt_snapshot manual__2024-11-14T05:38:03.212660+00:00 [running]> on host 5c9ef59c8996
[2024-11-14T19:16:23.280+0000] {taskinstance.py:2648} INFO - Exporting env vars: AIRFLOW_CTX_DAG_OWNER='***' AIRFLOW_CTX_DAG_ID='BuildELT_dbt' AIRFLOW_CTX_TASK_ID='dbt_snapshot' AIRFLOW_CTX_EXECUTION_DATE='2024-11-14T05:38:03.212660+00:00' AIRFLOW_CTX_TRY_NUMBER='2' AIRFLOW_CTX_DAG_RUN_ID='manual__2024-11-14T05:38:03.212660+00:00'
[2024-11-14T19:16:23.281+0000] {taskinstance.py:430} INFO - ::endgroup::
[2024-11-14T19:16:23.304+0000] {subprocess.py:63} INFO - Tmp dir root location: /tmp
[2024-11-14T19:16:23.306+0000] {subprocess.py:75} INFO - Running command: ['/usr/bin/bash', '-c', '/home/***/.local/bin/dbt snapshot --profiles-dir /opt/***/dbt --project-dir /opt/***/dbt']
[2024-11-14T19:16:23.318+0000] {subprocess.py:86} INFO - Output:
[2024-11-14T19:16:25.752+0000] {subprocess.py:93} INFO - [0m19:16:25  Running with dbt=1.8.7
[2024-11-14T19:16:27.036+0000] {subprocess.py:93} INFO - [0m19:16:27  Registered adapter: snowflake=1.8.4
[2024-11-14T19:16:27.704+0000] {subprocess.py:93} INFO - [0m19:16:27  Found 2 models, 5 data tests, 1 snapshot, 1 source, 459 macros
[2024-11-14T19:16:27.710+0000] {subprocess.py:93} INFO - [0m19:16:27
[2024-11-14T19:16:29.412+0000] {subprocess.py:93} INFO - [0m19:16:29  Concurrency: 1 threads (target='dev')
[2024-11-14T19:16:29.414+0000] {subprocess.py:93} INFO - [0m19:16:29
[2024-11-14T19:16:29.427+0000] {subprocess.py:93} INFO - [0m19:16:29  1 of 1 START snapshot raw_data.raw_data_snapshot ............................... [RUN]
[2024-11-14T19:16:33.520+0000] {subprocess.py:93} INFO - [0m19:16:33  1 of 1 OK snapshotted raw_data.raw_data_snapshot ............................... [[32mSUCCESS 0[0m in 4.09s]
[2024-11-14T19:16:33.529+0000] {subprocess.py:93} INFO - [0m19:16:33
[2024-11-14T19:16:33.531+0000] {subprocess.py:93} INFO - [0m19:16:33  Finished running 1 snapshot in 0 hours 0 minutes and 5.82 seconds (5.82s).
[2024-11-14T19:16:33.628+0000] {subprocess.py:93} INFO - [0m19:16:33
[2024-11-14T19:16:33.629+0000] {subprocess.py:93} INFO - [0m19:16:33  [32mCompleted successfully[0m
[2024-11-14T19:16:33.631+0000] {subprocess.py:93} INFO - [0m19:16:33
[2024-11-14T19:16:33.632+0000] {subprocess.py:93} INFO - [0m19:16:33  Done. PASS=1 WARN=0 ERROR=0 SKIP=0 TOTAL=1
[2024-11-14T19:16:34.551+0000] {subprocess.py:97} INFO - Command exited with return code 0
[2024-11-14T19:16:34.553+0000] {taskinstance.py:441} INFO - ::group::Post task execution logs
[2024-11-14T19:16:34.583+0000] {taskinstance.py:1206} INFO - Marking task as SUCCESS. dag_id=BuildELT_dbt, task_id=dbt_snapshot, run_id=manual__2024-11-14T05:38:03.212660+00:00, execution_date=20241114T053803, start_date=20241114T191623, end_date=20241114T191634
[2024-11-14T19:16:34.640+0000] {local_task_job_runner.py:240} INFO - Task exited with return code 0
[2024-11-14T19:16:34.660+0000] {taskinstance.py:3498} INFO - 0 downstream tasks scheduled from follow-on schedule check
[2024-11-14T19:16:34.665+0000] {local_task_job_runner.py:222} INFO - ::endgroup::
