[2024-11-14T19:09:07.936+0000] {local_task_job_runner.py:120} INFO - ::group::Pre task execution logs
[2024-11-14T19:09:08.031+0000] {taskinstance.py:2076} INFO - Dependencies all met for dep_context=non-requeueable deps ti=<TaskInstance: BuildELT_dbt.dbt_run manual__2024-11-14T05:38:03.212660+00:00 [queued]>
[2024-11-14T19:09:08.046+0000] {taskinstance.py:2076} INFO - Dependencies all met for dep_context=requeueable deps ti=<TaskInstance: BuildELT_dbt.dbt_run manual__2024-11-14T05:38:03.212660+00:00 [queued]>
[2024-11-14T19:09:08.047+0000] {taskinstance.py:2306} INFO - Starting attempt 3 of 3
[2024-11-14T19:09:08.071+0000] {taskinstance.py:2330} INFO - Executing <Task(BashOperator): dbt_run> on 2024-11-14 05:38:03.212660+00:00
[2024-11-14T19:09:08.097+0000] {standard_task_runner.py:90} INFO - Running: ['***', 'tasks', 'run', 'BuildELT_dbt', 'dbt_run', 'manual__2024-11-14T05:38:03.212660+00:00', '--job-id', '174', '--raw', '--subdir', 'DAGS_FOLDER/build_elt_with_dbt.py', '--cfg-path', '/tmp/tmpeniqeal0']
[2024-11-14T19:09:08.102+0000] {standard_task_runner.py:91} INFO - Job 174: Subtask dbt_run
[2024-11-14T19:09:08.103+0000] {logging_mixin.py:188} WARNING - /home/***/.local/lib/python3.12/site-packages/***/task/task_runner/standard_task_runner.py:61 DeprecationWarning: This process (pid=20849) is multi-threaded, use of fork() may lead to deadlocks in the child.
[2024-11-14T19:09:08.105+0000] {standard_task_runner.py:63} INFO - Started process 20850 to run task
[2024-11-14T19:09:08.177+0000] {task_command.py:426} INFO - Running <TaskInstance: BuildELT_dbt.dbt_run manual__2024-11-14T05:38:03.212660+00:00 [running]> on host 5c9ef59c8996
[2024-11-14T19:09:08.748+0000] {taskinstance.py:2648} INFO - Exporting env vars: AIRFLOW_CTX_DAG_OWNER='***' AIRFLOW_CTX_DAG_ID='BuildELT_dbt' AIRFLOW_CTX_TASK_ID='dbt_run' AIRFLOW_CTX_EXECUTION_DATE='2024-11-14T05:38:03.212660+00:00' AIRFLOW_CTX_TRY_NUMBER='3' AIRFLOW_CTX_DAG_RUN_ID='manual__2024-11-14T05:38:03.212660+00:00'
[2024-11-14T19:09:08.755+0000] {taskinstance.py:430} INFO - ::endgroup::
[2024-11-14T19:09:08.795+0000] {subprocess.py:63} INFO - Tmp dir root location: /tmp
[2024-11-14T19:09:08.798+0000] {subprocess.py:75} INFO - Running command: ['/usr/bin/bash', '-c', '/home/***/.local/bin/dbt run --profiles-dir /opt/***/dbt --project-dir /opt/***/dbt']
[2024-11-14T19:09:08.812+0000] {subprocess.py:86} INFO - Output:
[2024-11-14T19:09:14.844+0000] {subprocess.py:93} INFO - [0m19:09:14  Running with dbt=1.8.7
[2024-11-14T19:09:18.319+0000] {subprocess.py:93} INFO - [0m19:09:18  Registered adapter: snowflake=1.8.4
[2024-11-14T19:09:18.955+0000] {subprocess.py:93} INFO - [0m19:09:18  Unable to do partial parsing because of a version mismatch
[2024-11-14T19:09:20.575+0000] {subprocess.py:93} INFO - [0m19:09:20  [[33mWARNING[0m]: Deprecated functionality
[2024-11-14T19:09:20.575+0000] {subprocess.py:93} INFO - The `tests` config has been renamed to `data_tests`. Please see
[2024-11-14T19:09:20.576+0000] {subprocess.py:93} INFO - https://docs.getdbt.com/docs/build/data-tests#new-data_tests-syntax for more
[2024-11-14T19:09:20.576+0000] {subprocess.py:93} INFO - information.
[2024-11-14T19:09:21.727+0000] {subprocess.py:93} INFO - [0m19:09:21  Found 2 models, 1 snapshot, 5 data tests, 1 source, 459 macros
[2024-11-14T19:09:21.743+0000] {subprocess.py:93} INFO - [0m19:09:21
[2024-11-14T19:09:24.036+0000] {subprocess.py:93} INFO - [0m19:09:24  Concurrency: 1 threads (target='dev')
[2024-11-14T19:09:24.037+0000] {subprocess.py:93} INFO - [0m19:09:24
[2024-11-14T19:09:24.050+0000] {subprocess.py:93} INFO - [0m19:09:24  1 of 2 START sql view model raw_data.raw_data_model ............................ [RUN]
[2024-11-14T19:09:25.221+0000] {subprocess.py:93} INFO - [0m19:09:25  1 of 2 OK created sql view model raw_data.raw_data_model ....................... [[32mSUCCESS 1[0m in 1.16s]
[2024-11-14T19:09:25.227+0000] {subprocess.py:93} INFO - [0m19:09:25  2 of 2 START sql table model raw_data.transformations .......................... [RUN]
[2024-11-14T19:09:26.837+0000] {subprocess.py:93} INFO - [0m19:09:26  2 of 2 OK created sql table model raw_data.transformations ..................... [[32mSUCCESS 1[0m in 1.60s]
[2024-11-14T19:09:26.858+0000] {subprocess.py:93} INFO - [0m19:09:26
[2024-11-14T19:09:26.860+0000] {subprocess.py:93} INFO - [0m19:09:26  Finished running 1 view model, 1 table model in 0 hours 0 minutes and 5.11 seconds (5.11s).
[2024-11-14T19:09:26.940+0000] {subprocess.py:93} INFO - [0m19:09:26
[2024-11-14T19:09:26.942+0000] {subprocess.py:93} INFO - [0m19:09:26  [32mCompleted successfully[0m
[2024-11-14T19:09:26.943+0000] {subprocess.py:93} INFO - [0m19:09:26
[2024-11-14T19:09:26.945+0000] {subprocess.py:93} INFO - [0m19:09:26  Done. PASS=2 WARN=0 ERROR=0 SKIP=0 TOTAL=2
[2024-11-14T19:09:29.707+0000] {subprocess.py:97} INFO - Command exited with return code 0
[2024-11-14T19:09:29.713+0000] {taskinstance.py:441} INFO - ::group::Post task execution logs
[2024-11-14T19:09:29.774+0000] {taskinstance.py:1206} INFO - Marking task as SUCCESS. dag_id=BuildELT_dbt, task_id=dbt_run, run_id=manual__2024-11-14T05:38:03.212660+00:00, execution_date=20241114T053803, start_date=20241114T190908, end_date=20241114T190929
[2024-11-14T19:09:29.880+0000] {local_task_job_runner.py:240} INFO - Task exited with return code 0
[2024-11-14T19:09:29.967+0000] {taskinstance.py:3498} INFO - 1 downstream tasks scheduled from follow-on schedule check
[2024-11-14T19:09:29.975+0000] {local_task_job_runner.py:222} INFO - ::endgroup::
