[0m19:50:58.105795 [debug] [MainThread]: Sending event: {'category': 'dbt', 'action': 'invocation', 'label': 'start', 'context': [<snowplow_tracker.self_describing_json.SelfDescribingJson object at 0x00000223F585EA50>, <snowplow_tracker.self_describing_json.SelfDescribingJson object at 0x00000223F82E0190>, <snowplow_tracker.self_describing_json.SelfDescribingJson object at 0x00000223F82E0050>]}


============================== 19:50:58.110977 | e14c49da-9f3d-4d7c-8fb1-c3abca86d14c ==============================
[0m19:50:58.110977 [info ] [MainThread]: Running with dbt=1.8.8
[0m19:50:58.127867 [debug] [MainThread]: running dbt with arguments {'printer_width': '80', 'indirect_selection': 'eager', 'write_json': 'True', 'log_cache_events': 'False', 'partial_parse': 'True', 'cache_selected_only': 'False', 'profiles_dir': '.', 'fail_fast': 'False', 'debug': 'False', 'log_path': 'logs', 'version_check': 'True', 'warn_error': 'None', 'use_colors': 'True', 'use_experimental_parser': 'False', 'no_print': 'None', 'quiet': 'False', 'empty': 'False', 'log_format': 'default', 'static_parser': 'True', 'invocation_command': 'dbt run --profiles-dir .', 'introspect': 'True', 'target_path': 'None', 'warn_error_options': 'WarnErrorOptions(include=[], exclude=[])', 'send_anonymous_usage_stats': 'True'}
[0m19:50:58.135232 [error] [MainThread]: Encountered an error:
Runtime Error
  No dbt_project.yml found at expected path C:\Users\mtann\sjsu-data226-main\week8\airflow\dbt_project.yml
  Verify that each entry within packages.yml (and their transitive dependencies) contains a file named dbt_project.yml
  
[0m19:50:58.136555 [debug] [MainThread]: Command `dbt run` failed at 19:50:58.136389 after 0.21 seconds
[0m19:50:58.136915 [debug] [MainThread]: Sending event: {'category': 'dbt', 'action': 'invocation', 'label': 'end', 'context': [<snowplow_tracker.self_describing_json.SelfDescribingJson object at 0x00000223F8425810>, <snowplow_tracker.self_describing_json.SelfDescribingJson object at 0x00000223F82472F0>, <snowplow_tracker.self_describing_json.SelfDescribingJson object at 0x00000223F8282AD0>]}
[0m19:50:58.137269 [debug] [MainThread]: Flushing usage events
[0m20:38:15.177685 [debug] [MainThread]: Sending event: {'category': 'dbt', 'action': 'invocation', 'label': 'start', 'context': [<snowplow_tracker.self_describing_json.SelfDescribingJson object at 0x0000015DAED8EA50>, <snowplow_tracker.self_describing_json.SelfDescribingJson object at 0x0000015DB1810190>, <snowplow_tracker.self_describing_json.SelfDescribingJson object at 0x0000015DB1810050>]}


============================== 20:38:15.182277 | de76d027-ed7f-4803-9e31-5c6bed75b3cd ==============================
[0m20:38:15.182277 [info ] [MainThread]: Running with dbt=1.8.8
[0m20:38:15.183136 [debug] [MainThread]: running dbt with arguments {'printer_width': '80', 'indirect_selection': 'eager', 'write_json': 'True', 'log_cache_events': 'False', 'partial_parse': 'True', 'cache_selected_only': 'False', 'profiles_dir': '.', 'version_check': 'True', 'fail_fast': 'False', 'log_path': 'logs', 'warn_error': 'None', 'debug': 'False', 'use_colors': 'True', 'use_experimental_parser': 'False', 'no_print': 'None', 'quiet': 'False', 'empty': 'False', 'warn_error_options': 'WarnErrorOptions(include=[], exclude=[])', 'static_parser': 'True', 'invocation_command': 'dbt run --profiles-dir .', 'introspect': 'True', 'target_path': 'None', 'log_format': 'default', 'send_anonymous_usage_stats': 'True'}
[0m20:38:15.183582 [error] [MainThread]: Encountered an error:
Runtime Error
  No dbt_project.yml found at expected path C:\Users\mtann\sjsu-data226-main\week8\airflow\dbt_project.yml
  Verify that each entry within packages.yml (and their transitive dependencies) contains a file named dbt_project.yml
  
[0m20:38:15.184586 [debug] [MainThread]: Command `dbt run` failed at 20:38:15.184455 after 0.18 seconds
[0m20:38:15.184955 [debug] [MainThread]: Sending event: {'category': 'dbt', 'action': 'invocation', 'label': 'end', 'context': [<snowplow_tracker.self_describing_json.SelfDescribingJson object at 0x0000015DB1955810>, <snowplow_tracker.self_describing_json.SelfDescribingJson object at 0x0000015DB17772F0>, <snowplow_tracker.self_describing_json.SelfDescribingJson object at 0x0000015DB17B2AD0>]}
[0m20:38:15.185372 [debug] [MainThread]: Flushing usage events
