[2024-11-14T02:30:01.472+0000] {local_task_job_runner.py:120} INFO - ::group::Pre task execution logs
[2024-11-14T02:30:01.494+0000] {taskinstance.py:2076} INFO - Dependencies all met for dep_context=non-requeueable deps ti=<TaskInstance: YfinanceToSnowflake.extract scheduled__2024-11-13T02:30:00+00:00 [queued]>
[2024-11-14T02:30:01.501+0000] {taskinstance.py:2076} INFO - Dependencies all met for dep_context=requeueable deps ti=<TaskInstance: YfinanceToSnowflake.extract scheduled__2024-11-13T02:30:00+00:00 [queued]>
[2024-11-14T02:30:01.501+0000] {taskinstance.py:2306} INFO - Starting attempt 1 of 1
[2024-11-14T02:30:01.513+0000] {taskinstance.py:2330} INFO - Executing <Task(_PythonDecoratedOperator): extract> on 2024-11-13 02:30:00+00:00
[2024-11-14T02:30:01.520+0000] {standard_task_runner.py:90} INFO - Running: ['***', 'tasks', 'run', 'YfinanceToSnowflake', 'extract', 'scheduled__2024-11-13T02:30:00+00:00', '--job-id', '144', '--raw', '--subdir', 'DAGS_FOLDER/yfinance_to_snowflake.py', '--cfg-path', '/tmp/tmpjv6bp8p8']
[2024-11-14T02:30:01.523+0000] {standard_task_runner.py:91} INFO - Job 144: Subtask extract
[2024-11-14T02:30:01.523+0000] {logging_mixin.py:188} WARNING - /home/***/.local/lib/python3.12/site-packages/***/task/task_runner/standard_task_runner.py:61 DeprecationWarning: This process (pid=828) is multi-threaded, use of fork() may lead to deadlocks in the child.
[2024-11-14T02:30:01.523+0000] {standard_task_runner.py:63} INFO - Started process 831 to run task
[2024-11-14T02:30:01.565+0000] {task_command.py:426} INFO - Running <TaskInstance: YfinanceToSnowflake.extract scheduled__2024-11-13T02:30:00+00:00 [running]> on host b955513b8419
[2024-11-14T02:30:01.689+0000] {taskinstance.py:2648} INFO - Exporting env vars: AIRFLOW_CTX_DAG_OWNER='***' AIRFLOW_CTX_DAG_ID='YfinanceToSnowflake' AIRFLOW_CTX_TASK_ID='extract' AIRFLOW_CTX_EXECUTION_DATE='2024-11-13T02:30:00+00:00' AIRFLOW_CTX_TRY_NUMBER='1' AIRFLOW_CTX_DAG_RUN_ID='scheduled__2024-11-13T02:30:00+00:00'
[2024-11-14T02:30:01.691+0000] {taskinstance.py:430} INFO - ::endgroup::
[2024-11-14T02:30:02.524+0000] {logging_mixin.py:188} WARNING - [*********************100%***********************]  1 of 1 completed
[2024-11-14T02:30:02.540+0000] {python.py:237} INFO - Done. Returned value was: {('Adj Close', 'AAPL'): [225.1199951171875], ('Close', 'AAPL'): [225.1199951171875], ('High', 'AAPL'): [226.64999389648438], ('Low', 'AAPL'): [222.75999450683594], ('Open', 'AAPL'): [224.00999450683594], ('Volume', 'AAPL'): [48528500]}
[2024-11-14T02:30:02.541+0000] {taskinstance.py:441} INFO - ::group::Post task execution logs
[2024-11-14T02:30:02.546+0000] {xcom.py:675} ERROR - keys must be str, int, float, bool or None, not tuple. If you are using pickle instead of JSON for XCom, then you need to enable pickle support for XCom in your *** config or make sure to decorate your object with attr.
[2024-11-14T02:30:02.547+0000] {taskinstance.py:2905} ERROR - Task failed with exception
Traceback (most recent call last):
  File "/home/airflow/.local/lib/python3.12/site-packages/airflow/models/taskinstance.py", line 486, in _execute_task
    task_instance.xcom_push(key=XCOM_RETURN_KEY, value=xcom_value, session=session)
  File "/home/airflow/.local/lib/python3.12/site-packages/airflow/utils/session.py", line 76, in wrapper
    return func(*args, **kwargs)
           ^^^^^^^^^^^^^^^^^^^^^
  File "/home/airflow/.local/lib/python3.12/site-packages/airflow/models/taskinstance.py", line 3197, in xcom_push
    XCom.set(
  File "/home/airflow/.local/lib/python3.12/site-packages/airflow/utils/session.py", line 76, in wrapper
    return func(*args, **kwargs)
           ^^^^^^^^^^^^^^^^^^^^^
  File "/home/airflow/.local/lib/python3.12/site-packages/airflow/models/xcom.py", line 246, in set
    value = cls.serialize_value(
            ^^^^^^^^^^^^^^^^^^^^
  File "/home/airflow/.local/lib/python3.12/site-packages/airflow/models/xcom.py", line 673, in serialize_value
    return json.dumps(value, cls=XComEncoder).encode("UTF-8")
           ^^^^^^^^^^^^^^^^^^^^^^^^^^^^^^^^^^
  File "/usr/local/lib/python3.12/json/__init__.py", line 238, in dumps
    **kw).encode(obj)
          ^^^^^^^^^^^
  File "/home/airflow/.local/lib/python3.12/site-packages/airflow/utils/json.py", line 104, in encode
    return super().encode(o)
           ^^^^^^^^^^^^^^^^^
  File "/usr/local/lib/python3.12/json/encoder.py", line 200, in encode
    chunks = self.iterencode(o, _one_shot=True)
             ^^^^^^^^^^^^^^^^^^^^^^^^^^^^^^^^^^
  File "/usr/local/lib/python3.12/json/encoder.py", line 258, in iterencode
    return _iterencode(o, 0)
           ^^^^^^^^^^^^^^^^^
TypeError: keys must be str, int, float, bool or None, not tuple
[2024-11-14T02:30:02.560+0000] {taskinstance.py:1206} INFO - Marking task as FAILED. dag_id=YfinanceToSnowflake, task_id=extract, run_id=scheduled__2024-11-13T02:30:00+00:00, execution_date=20241113T023000, start_date=20241114T023001, end_date=20241114T023002
[2024-11-14T02:30:02.572+0000] {standard_task_runner.py:110} ERROR - Failed to execute job 144 for task extract (keys must be str, int, float, bool or None, not tuple; 831)
[2024-11-14T02:30:02.581+0000] {local_task_job_runner.py:240} INFO - Task exited with return code 1
[2024-11-14T02:30:02.599+0000] {taskinstance.py:3498} INFO - 0 downstream tasks scheduled from follow-on schedule check
[2024-11-14T02:30:02.606+0000] {local_task_job_runner.py:222} INFO - ::endgroup::
