[2024-11-14T02:35:25.746+0000] {local_task_job_runner.py:120} INFO - ::group::Pre task execution logs
[2024-11-14T02:35:25.790+0000] {taskinstance.py:2076} INFO - Dependencies all met for dep_context=non-requeueable deps ti=<TaskInstance: AlphaVantageTimeSeriesDaily_AAPL_MSFT.load manual__2024-11-14T02:28:38.169157+00:00 [queued]>
[2024-11-14T02:35:25.803+0000] {taskinstance.py:2076} INFO - Dependencies all met for dep_context=requeueable deps ti=<TaskInstance: AlphaVantageTimeSeriesDaily_AAPL_MSFT.load manual__2024-11-14T02:28:38.169157+00:00 [queued]>
[2024-11-14T02:35:25.804+0000] {taskinstance.py:2306} INFO - Starting attempt 2 of 2
[2024-11-14T02:35:25.825+0000] {taskinstance.py:2330} INFO - Executing <Task(_PythonDecoratedOperator): load> on 2024-11-14 02:28:38.169157+00:00
[2024-11-14T02:35:25.840+0000] {standard_task_runner.py:90} INFO - Running: ['***', 'tasks', 'run', 'AlphaVantageTimeSeriesDaily_AAPL_MSFT', 'load', 'manual__2024-11-14T02:28:38.169157+00:00', '--job-id', '145', '--raw', '--subdir', 'DAGS_FOLDER/ETLstockprice.py', '--cfg-path', '/tmp/tmp2ied990l']
[2024-11-14T02:35:25.846+0000] {standard_task_runner.py:91} INFO - Job 145: Subtask load
[2024-11-14T02:35:25.849+0000] {logging_mixin.py:188} WARNING - /home/***/.local/lib/python3.12/site-packages/***/task/task_runner/standard_task_runner.py:61 DeprecationWarning: This process (pid=1054) is multi-threaded, use of fork() may lead to deadlocks in the child.
[2024-11-14T02:35:25.850+0000] {standard_task_runner.py:63} INFO - Started process 1057 to run task
[2024-11-14T02:35:25.920+0000] {task_command.py:426} INFO - Running <TaskInstance: AlphaVantageTimeSeriesDaily_AAPL_MSFT.load manual__2024-11-14T02:28:38.169157+00:00 [running]> on host b955513b8419
[2024-11-14T02:35:26.064+0000] {taskinstance.py:2648} INFO - Exporting env vars: AIRFLOW_CTX_DAG_OWNER='***' AIRFLOW_CTX_DAG_ID='AlphaVantageTimeSeriesDaily_AAPL_MSFT' AIRFLOW_CTX_TASK_ID='load' AIRFLOW_CTX_EXECUTION_DATE='2024-11-14T02:28:38.169157+00:00' AIRFLOW_CTX_TRY_NUMBER='2' AIRFLOW_CTX_DAG_RUN_ID='manual__2024-11-14T02:28:38.169157+00:00'
[2024-11-14T02:35:26.066+0000] {taskinstance.py:430} INFO - ::endgroup::
[2024-11-14T02:35:26.080+0000] {base.py:84} INFO - Using connection ID 'snowflake_conn' for task execution.
[2024-11-14T02:35:26.082+0000] {connection.py:399} INFO - Snowflake Connector for Python Version: 3.10.0, Python Version: 3.12.3, Platform: Linux-5.15.153.1-microsoft-standard-WSL2-x86_64-with-glibc2.36
[2024-11-14T02:35:26.084+0000] {connection.py:1239} INFO - This connection is in OCSP Fail Open Mode. TLS Certificates would be checked for validity and revocation status. Any other Certificate Revocation related exceptions or OCSP Responder failures would be disregarded in favor of connectivity.
[2024-11-14T02:38:07.304+0000] {cursor.py:1149} INFO - Number of results in first chunk: 1
[2024-11-14T02:38:07.346+0000] {ETLstockprice.py:99} INFO - Successfully loaded data for symbol AAPL
[2024-11-14T02:38:07.358+0000] {python.py:237} INFO - Done. Returned value was: None
[2024-11-14T02:38:07.367+0000] {taskinstance.py:441} INFO - ::group::Post task execution logs
[2024-11-14T02:38:07.541+0000] {taskinstance.py:1206} INFO - Marking task as SUCCESS. dag_id=AlphaVantageTimeSeriesDaily_AAPL_MSFT, task_id=load, run_id=manual__2024-11-14T02:28:38.169157+00:00, execution_date=20241114T022838, start_date=20241114T023525, end_date=20241114T023807
[2024-11-14T02:38:07.709+0000] {local_task_job_runner.py:240} INFO - Task exited with return code 0
[2024-11-14T02:38:07.816+0000] {taskinstance.py:3498} INFO - 0 downstream tasks scheduled from follow-on schedule check
[2024-11-14T02:38:07.822+0000] {local_task_job_runner.py:222} INFO - ::endgroup::
