[2024-11-14T02:39:52.343+0000] {local_task_job_runner.py:120} INFO - ::group::Pre task execution logs
[2024-11-14T02:39:52.388+0000] {taskinstance.py:2076} INFO - Dependencies all met for dep_context=non-requeueable deps ti=<TaskInstance: AlphaVantageTimeSeriesDaily_AAPL_MSFT.load__1 manual__2024-11-14T02:28:38.169157+00:00 [queued]>
[2024-11-14T02:39:52.398+0000] {taskinstance.py:2076} INFO - Dependencies all met for dep_context=requeueable deps ti=<TaskInstance: AlphaVantageTimeSeriesDaily_AAPL_MSFT.load__1 manual__2024-11-14T02:28:38.169157+00:00 [queued]>
[2024-11-14T02:39:52.399+0000] {taskinstance.py:2306} INFO - Starting attempt 2 of 2
[2024-11-14T02:39:52.412+0000] {taskinstance.py:2330} INFO - Executing <Task(_PythonDecoratedOperator): load__1> on 2024-11-14 02:28:38.169157+00:00
[2024-11-14T02:39:52.426+0000] {logging_mixin.py:188} WARNING - /home/***/.local/lib/python3.12/site-packages/***/task/task_runner/standard_task_runner.py:61 DeprecationWarning: This process (pid=1319) is multi-threaded, use of fork() may lead to deadlocks in the child.
[2024-11-14T02:39:52.429+0000] {standard_task_runner.py:63} INFO - Started process 1322 to run task
[2024-11-14T02:39:52.429+0000] {standard_task_runner.py:90} INFO - Running: ['***', 'tasks', 'run', 'AlphaVantageTimeSeriesDaily_AAPL_MSFT', 'load__1', 'manual__2024-11-14T02:28:38.169157+00:00', '--job-id', '164', '--raw', '--subdir', 'DAGS_FOLDER/ETLstockprice.py', '--cfg-path', '/tmp/tmpi4bs413q']
[2024-11-14T02:39:52.436+0000] {standard_task_runner.py:91} INFO - Job 164: Subtask load__1
[2024-11-14T02:39:52.550+0000] {task_command.py:426} INFO - Running <TaskInstance: AlphaVantageTimeSeriesDaily_AAPL_MSFT.load__1 manual__2024-11-14T02:28:38.169157+00:00 [running]> on host b955513b8419
[2024-11-14T02:39:52.680+0000] {taskinstance.py:2648} INFO - Exporting env vars: AIRFLOW_CTX_DAG_OWNER='***' AIRFLOW_CTX_DAG_ID='AlphaVantageTimeSeriesDaily_AAPL_MSFT' AIRFLOW_CTX_TASK_ID='load__1' AIRFLOW_CTX_EXECUTION_DATE='2024-11-14T02:28:38.169157+00:00' AIRFLOW_CTX_TRY_NUMBER='2' AIRFLOW_CTX_DAG_RUN_ID='manual__2024-11-14T02:28:38.169157+00:00'
[2024-11-14T02:39:52.683+0000] {taskinstance.py:430} INFO - ::endgroup::
[2024-11-14T02:39:52.696+0000] {base.py:84} INFO - Using connection ID 'snowflake_conn' for task execution.
[2024-11-14T02:39:52.698+0000] {connection.py:399} INFO - Snowflake Connector for Python Version: 3.10.0, Python Version: 3.12.3, Platform: Linux-5.15.153.1-microsoft-standard-WSL2-x86_64-with-glibc2.36
[2024-11-14T02:39:52.700+0000] {connection.py:1239} INFO - This connection is in OCSP Fail Open Mode. TLS Certificates would be checked for validity and revocation status. Any other Certificate Revocation related exceptions or OCSP Responder failures would be disregarded in favor of connectivity.
[2024-11-14T02:41:18.457+0000] {cursor.py:1149} INFO - Number of results in first chunk: 1
[2024-11-14T02:41:18.459+0000] {ETLstockprice.py:99} INFO - Successfully loaded data for symbol MSFT
[2024-11-14T02:41:18.459+0000] {python.py:237} INFO - Done. Returned value was: None
[2024-11-14T02:41:18.460+0000] {taskinstance.py:441} INFO - ::group::Post task execution logs
[2024-11-14T02:41:18.472+0000] {taskinstance.py:1206} INFO - Marking task as SUCCESS. dag_id=AlphaVantageTimeSeriesDaily_AAPL_MSFT, task_id=load__1, run_id=manual__2024-11-14T02:28:38.169157+00:00, execution_date=20241114T022838, start_date=20241114T023952, end_date=20241114T024118
[2024-11-14T02:41:18.534+0000] {local_task_job_runner.py:240} INFO - Task exited with return code 0
[2024-11-14T02:41:18.549+0000] {taskinstance.py:3498} INFO - 0 downstream tasks scheduled from follow-on schedule check
[2024-11-14T02:41:18.554+0000] {local_task_job_runner.py:222} INFO - ::endgroup::
