[2024-11-14T05:48:58.716+0000] {local_task_job_runner.py:120} INFO - ::group::Pre task execution logs
[2024-11-14T05:48:58.761+0000] {taskinstance.py:2076} INFO - Dependencies all met for dep_context=non-requeueable deps ti=<TaskInstance: BuildELT_dbt.dbt_run manual__2024-11-14T05:48:57.209181+00:00 [queued]>
[2024-11-14T05:48:58.770+0000] {taskinstance.py:2076} INFO - Dependencies all met for dep_context=requeueable deps ti=<TaskInstance: BuildELT_dbt.dbt_run manual__2024-11-14T05:48:57.209181+00:00 [queued]>
[2024-11-14T05:48:58.771+0000] {taskinstance.py:2306} INFO - Starting attempt 1 of 1
[2024-11-14T05:48:58.791+0000] {taskinstance.py:2330} INFO - Executing <Task(BashOperator): dbt_run> on 2024-11-14 05:48:57.209181+00:00
[2024-11-14T05:48:58.804+0000] {logging_mixin.py:188} WARNING - /home/***/.local/lib/python3.12/site-packages/***/task/task_runner/standard_task_runner.py:61 DeprecationWarning: This process (pid=4059) is multi-threaded, use of fork() may lead to deadlocks in the child.
[2024-11-14T05:48:58.800+0000] {standard_task_runner.py:90} INFO - Running: ['***', 'tasks', 'run', 'BuildELT_dbt', 'dbt_run', 'manual__2024-11-14T05:48:57.209181+00:00', '--job-id', '170', '--raw', '--subdir', 'DAGS_FOLDER/build_elt_with_dbt.py', '--cfg-path', '/tmp/tmpkwne18ai']
[2024-11-14T05:48:58.805+0000] {standard_task_runner.py:63} INFO - Started process 4060 to run task
[2024-11-14T05:48:58.805+0000] {standard_task_runner.py:91} INFO - Job 170: Subtask dbt_run
[2024-11-14T05:48:58.852+0000] {task_command.py:426} INFO - Running <TaskInstance: BuildELT_dbt.dbt_run manual__2024-11-14T05:48:57.209181+00:00 [running]> on host 5c9ef59c8996
[2024-11-14T05:48:58.947+0000] {taskinstance.py:2648} INFO - Exporting env vars: AIRFLOW_CTX_DAG_OWNER='***' AIRFLOW_CTX_DAG_ID='BuildELT_dbt' AIRFLOW_CTX_TASK_ID='dbt_run' AIRFLOW_CTX_EXECUTION_DATE='2024-11-14T05:48:57.209181+00:00' AIRFLOW_CTX_TRY_NUMBER='1' AIRFLOW_CTX_DAG_RUN_ID='manual__2024-11-14T05:48:57.209181+00:00'
[2024-11-14T05:48:58.949+0000] {taskinstance.py:430} INFO - ::endgroup::
[2024-11-14T05:48:58.966+0000] {subprocess.py:63} INFO - Tmp dir root location: /tmp
[2024-11-14T05:48:58.968+0000] {subprocess.py:75} INFO - Running command: ['/usr/bin/bash', '-c', '/home/***/.local/bin/dbt run --profiles-dir /opt/***/dbt --project-dir /opt/***/dbt']
[2024-11-14T05:48:58.978+0000] {subprocess.py:86} INFO - Output:
[2024-11-14T05:49:05.949+0000] {subprocess.py:93} INFO - [0m05:49:05  Running with dbt=1.8.7
[2024-11-14T05:49:10.930+0000] {subprocess.py:93} INFO - [0m05:49:10  Registered adapter: snowflake=1.8.4
[2024-11-14T05:49:11.308+0000] {subprocess.py:93} INFO - [0m05:49:11  Unable to do partial parsing because of a version mismatch
[2024-11-14T05:49:13.132+0000] {subprocess.py:93} INFO - [0m05:49:13  Found 2 models, 1 source, 459 macros
[2024-11-14T05:49:13.137+0000] {subprocess.py:93} INFO - [0m05:49:13
[2024-11-14T05:49:15.502+0000] {subprocess.py:93} INFO - [0m05:49:15  Concurrency: 1 threads (target='dev')
[2024-11-14T05:49:15.504+0000] {subprocess.py:93} INFO - [0m05:49:15
[2024-11-14T05:49:15.518+0000] {subprocess.py:93} INFO - [0m05:49:15  1 of 2 START sql view model raw_data.raw_data_model ............................ [RUN]
[2024-11-14T05:49:16.426+0000] {subprocess.py:93} INFO - [0m05:49:16  1 of 2 OK created sql view model raw_data.raw_data_model ....................... [[32mSUCCESS 1[0m in 0.90s]
[2024-11-14T05:49:16.432+0000] {subprocess.py:93} INFO - [0m05:49:16  2 of 2 START sql table model raw_data.transformations .......................... [RUN]
[2024-11-14T05:49:18.217+0000] {subprocess.py:93} INFO - [0m05:49:18  2 of 2 OK created sql table model raw_data.transformations ..................... [[32mSUCCESS 1[0m in 1.78s]
[2024-11-14T05:49:18.225+0000] {subprocess.py:93} INFO - [0m05:49:18
[2024-11-14T05:49:18.227+0000] {subprocess.py:93} INFO - [0m05:49:18  Finished running 1 view model, 1 table model in 0 hours 0 minutes and 5.09 seconds (5.09s).
[2024-11-14T05:49:18.303+0000] {subprocess.py:93} INFO - [0m05:49:18
[2024-11-14T05:49:18.306+0000] {subprocess.py:93} INFO - [0m05:49:18  [32mCompleted successfully[0m
[2024-11-14T05:49:18.308+0000] {subprocess.py:93} INFO - [0m05:49:18
[2024-11-14T05:49:18.310+0000] {subprocess.py:93} INFO - [0m05:49:18  Done. PASS=2 WARN=0 ERROR=0 SKIP=0 TOTAL=2
[2024-11-14T05:49:19.291+0000] {subprocess.py:97} INFO - Command exited with return code 0
[2024-11-14T05:49:19.292+0000] {taskinstance.py:441} INFO - ::group::Post task execution logs
[2024-11-14T05:49:19.330+0000] {taskinstance.py:1206} INFO - Marking task as SUCCESS. dag_id=BuildELT_dbt, task_id=dbt_run, run_id=manual__2024-11-14T05:48:57.209181+00:00, execution_date=20241114T054857, start_date=20241114T054858, end_date=20241114T054919
[2024-11-14T05:49:19.362+0000] {local_task_job_runner.py:240} INFO - Task exited with return code 0
[2024-11-14T05:49:19.396+0000] {taskinstance.py:3498} INFO - 1 downstream tasks scheduled from follow-on schedule check
[2024-11-14T05:49:19.400+0000] {local_task_job_runner.py:222} INFO - ::endgroup::
