[2024-11-14T19:09:01.454+0000] {local_task_job_runner.py:120} INFO - ::group::Pre task execution logs
[2024-11-14T19:09:01.886+0000] {taskinstance.py:2076} INFO - Dependencies all met for dep_context=non-requeueable deps ti=<TaskInstance: BuildELT_dbt.dbt_run manual__2024-11-14T05:41:30.125754+00:00 [queued]>
[2024-11-14T19:09:01.918+0000] {taskinstance.py:2076} INFO - Dependencies all met for dep_context=requeueable deps ti=<TaskInstance: BuildELT_dbt.dbt_run manual__2024-11-14T05:41:30.125754+00:00 [queued]>
[2024-11-14T19:09:01.919+0000] {taskinstance.py:2306} INFO - Starting attempt 2 of 2
[2024-11-14T19:09:01.994+0000] {taskinstance.py:2330} INFO - Executing <Task(BashOperator): dbt_run> on 2024-11-14 05:41:30.125754+00:00
[2024-11-14T19:09:02.017+0000] {logging_mixin.py:188} WARNING - /home/***/.local/lib/python3.12/site-packages/***/task/task_runner/standard_task_runner.py:61 DeprecationWarning: This process (pid=20840) is multi-threaded, use of fork() may lead to deadlocks in the child.
[2024-11-14T19:09:02.011+0000] {standard_task_runner.py:90} INFO - Running: ['***', 'tasks', 'run', 'BuildELT_dbt', 'dbt_run', 'manual__2024-11-14T05:41:30.125754+00:00', '--job-id', '173', '--raw', '--subdir', 'DAGS_FOLDER/build_elt_with_dbt.py', '--cfg-path', '/tmp/tmp1zvkm0j9']
[2024-11-14T19:09:02.025+0000] {standard_task_runner.py:91} INFO - Job 173: Subtask dbt_run
[2024-11-14T19:09:02.025+0000] {standard_task_runner.py:63} INFO - Started process 20841 to run task
[2024-11-14T19:09:02.305+0000] {task_command.py:426} INFO - Running <TaskInstance: BuildELT_dbt.dbt_run manual__2024-11-14T05:41:30.125754+00:00 [running]> on host 5c9ef59c8996
[2024-11-14T19:09:02.617+0000] {taskinstance.py:2648} INFO - Exporting env vars: AIRFLOW_CTX_DAG_OWNER='***' AIRFLOW_CTX_DAG_ID='BuildELT_dbt' AIRFLOW_CTX_TASK_ID='dbt_run' AIRFLOW_CTX_EXECUTION_DATE='2024-11-14T05:41:30.125754+00:00' AIRFLOW_CTX_TRY_NUMBER='2' AIRFLOW_CTX_DAG_RUN_ID='manual__2024-11-14T05:41:30.125754+00:00'
[2024-11-14T19:09:02.619+0000] {taskinstance.py:430} INFO - ::endgroup::
[2024-11-14T19:09:02.789+0000] {subprocess.py:63} INFO - Tmp dir root location: /tmp
[2024-11-14T19:09:02.794+0000] {subprocess.py:75} INFO - Running command: ['/usr/bin/bash', '-c', '/home/***/.local/bin/dbt run --profiles-dir /opt/***/dbt --project-dir /opt/***/dbt']
[2024-11-14T19:09:02.811+0000] {subprocess.py:86} INFO - Output:
[2024-11-14T19:09:12.083+0000] {subprocess.py:93} INFO - [0m19:09:12  Running with dbt=1.8.7
[2024-11-14T19:09:18.295+0000] {subprocess.py:93} INFO - [0m19:09:18  Registered adapter: snowflake=1.8.4
[2024-11-14T19:09:18.953+0000] {subprocess.py:93} INFO - [0m19:09:18  Unable to do partial parsing because of a version mismatch
[2024-11-14T19:09:20.577+0000] {subprocess.py:93} INFO - [0m19:09:20  [[33mWARNING[0m]: Deprecated functionality
[2024-11-14T19:09:20.578+0000] {subprocess.py:93} INFO - The `tests` config has been renamed to `data_tests`. Please see
[2024-11-14T19:09:20.578+0000] {subprocess.py:93} INFO - https://docs.getdbt.com/docs/build/data-tests#new-data_tests-syntax for more
[2024-11-14T19:09:20.579+0000] {subprocess.py:93} INFO - information.
[2024-11-14T19:09:21.730+0000] {subprocess.py:93} INFO - [0m19:09:21  Found 2 models, 1 snapshot, 5 data tests, 1 source, 459 macros
[2024-11-14T19:09:21.750+0000] {subprocess.py:93} INFO - [0m19:09:21
[2024-11-14T19:09:24.031+0000] {subprocess.py:93} INFO - [0m19:09:24  Concurrency: 1 threads (target='dev')
[2024-11-14T19:09:24.033+0000] {subprocess.py:93} INFO - [0m19:09:24
[2024-11-14T19:09:24.047+0000] {subprocess.py:93} INFO - [0m19:09:24  1 of 2 START sql view model raw_data.raw_data_model ............................ [RUN]
[2024-11-14T19:09:25.135+0000] {subprocess.py:93} INFO - [0m19:09:25  1 of 2 OK created sql view model raw_data.raw_data_model ....................... [[32mSUCCESS 1[0m in 1.08s]
[2024-11-14T19:09:25.142+0000] {subprocess.py:93} INFO - [0m19:09:25  2 of 2 START sql table model raw_data.transformations .......................... [RUN]
[2024-11-14T19:09:26.844+0000] {subprocess.py:93} INFO - [0m19:09:26  2 of 2 OK created sql table model raw_data.transformations ..................... [[32mSUCCESS 1[0m in 1.69s]
[2024-11-14T19:09:26.860+0000] {subprocess.py:93} INFO - [0m19:09:26
[2024-11-14T19:09:26.862+0000] {subprocess.py:93} INFO - [0m19:09:26  Finished running 1 view model, 1 table model in 0 hours 0 minutes and 5.10 seconds (5.10s).
[2024-11-14T19:09:26.939+0000] {subprocess.py:93} INFO - [0m19:09:26
[2024-11-14T19:09:26.941+0000] {subprocess.py:93} INFO - [0m19:09:26  [32mCompleted successfully[0m
[2024-11-14T19:09:26.943+0000] {subprocess.py:93} INFO - [0m19:09:26
[2024-11-14T19:09:26.944+0000] {subprocess.py:93} INFO - [0m19:09:26  Done. PASS=2 WARN=0 ERROR=0 SKIP=0 TOTAL=2
[2024-11-14T19:09:29.707+0000] {subprocess.py:97} INFO - Command exited with return code 0
[2024-11-14T19:09:29.713+0000] {taskinstance.py:441} INFO - ::group::Post task execution logs
[2024-11-14T19:09:29.768+0000] {taskinstance.py:1206} INFO - Marking task as SUCCESS. dag_id=BuildELT_dbt, task_id=dbt_run, run_id=manual__2024-11-14T05:41:30.125754+00:00, execution_date=20241114T054130, start_date=20241114T190901, end_date=20241114T190929
[2024-11-14T19:09:29.871+0000] {local_task_job_runner.py:240} INFO - Task exited with return code 0
[2024-11-14T19:09:29.945+0000] {taskinstance.py:3498} INFO - 1 downstream tasks scheduled from follow-on schedule check
[2024-11-14T19:09:29.953+0000] {local_task_job_runner.py:222} INFO - ::endgroup::
